<?xml version="1.0" encoding="UTF-8"?>
<!-- Generated by org.testng.reporters.JUnitReportReporter -->
<testsuite hostname="DESKTOP-4T9R7PN" failures="0" tests="1" name="com.qa.cashFlowStatementRP.runner.TestRunner" time="639.329" errors="0" timestamp="11 Feb 2021 11:16:19 GMT">
  <testcase classname="com.qa.cashFlowStatementRP.runner.TestRunner" name="feature" time="639.329"/>
</testsuite> <!-- com.qa.cashFlowStatementRP.runner.TestRunner -->
